<?xml version="1.0" encoding="UTF-8"?>
<testng-results ignored="0" total="1" passed="1" failed="0" skipped="0">
  <reporter-output>
  </reporter-output>
  <suite started-at="2022-12-29T21:18:50 IST" name="Default suite" finished-at="2022-12-29T21:18:50 IST" duration-ms="46">
    <groups>
    </groups>
    <test started-at="2022-12-29T21:18:50 IST" name="Default test" finished-at="2022-12-29T21:18:50 IST" duration-ms="46">
      <class name="rama.c1_TestNgClass">
        <test-method is-config="true" signature="beforeClass()[pri:0, instance:rama.c1_TestNgClass@41e36e46]" started-at="2022-12-29T21:18:50 IST" name="beforeClass" finished-at="2022-12-29T21:18:50 IST" duration-ms="5" status="PASS">
          <reporter-output>
          </reporter-output>
        </test-method> <!-- beforeClass -->
        <test-method is-config="true" signature="beforeMethod()[pri:0, instance:rama.c1_TestNgClass@41e36e46]" started-at="2022-12-29T21:18:50 IST" name="beforeMethod" finished-at="2022-12-29T21:18:50 IST" duration-ms="0" status="PASS">
          <reporter-output>
          </reporter-output>
        </test-method> <!-- beforeMethod -->
        <test-method signature="test()[pri:0, instance:rama.c1_TestNgClass@41e36e46]" started-at="2022-12-29T21:18:50 IST" name="test" finished-at="2022-12-29T21:18:50 IST" duration-ms="4" status="PASS">
          <reporter-output>
          </reporter-output>
        </test-method> <!-- test -->
      </class> <!-- rama.c1_TestNgClass -->
    </test> <!-- Default test -->
  </suite> <!-- Default suite -->
</testng-results>
